2020-02-03 01:16:22 [scrapy.utils.log] INFO: Scrapy 1.6.0 started (bot: spiderSettings)
2020-02-03 01:16:22 [scrapy.utils.log] INFO: Versions: lxml 4.3.4.0, libxml2 2.9.5, cssselect 1.0.3, parsel 1.5.1, w3lib 1.20.0, Twisted 19.2.1, Python 3.6.8 (tags/v3.6.8:3c6b436a57, Dec 24 2018, 00:16:47) [MSC v.1916 64 bit (AMD64)], pyOpenSSL 19.0.0 (OpenSSL 1.1.1c  28 May 2019), cryptography 2.7, Platform Windows-10-10.0.18362-SP0
2020-02-03 01:16:22 [scrapy.crawler] INFO: Overridden settings: {'BOT_NAME': 'spiderSettings', 'FEED_URI': 'file:/a.json', 'LOG_FILE': 'logs\\newsCrawler\\nba\\b9bcf60045df11eab5272016b922983c.log', 'NEWSPIDER_MODULE': 'newsCrawlers', 'ROBOTSTXT_OBEY': True, 'SPIDER_MODULES': ['newsCrawler']}
2020-02-03 01:16:22 [scrapy.extensions.telnet] INFO: Telnet Password: 560f02cd137948f0
2020-02-03 01:16:22 [scrapy.middleware] INFO: Enabled extensions:
['scrapy.extensions.corestats.CoreStats',
 'scrapy.extensions.telnet.TelnetConsole',
 'scrapy.extensions.feedexport.FeedExporter',
 'scrapy.extensions.logstats.LogStats']
2020-02-03 01:16:22 [scrapy.middleware] INFO: Enabled downloader middlewares:
['scrapy.downloadermiddlewares.robotstxt.RobotsTxtMiddleware',
 'scrapy.downloadermiddlewares.httpauth.HttpAuthMiddleware',
 'scrapy.downloadermiddlewares.downloadtimeout.DownloadTimeoutMiddleware',
 'scrapy.downloadermiddlewares.defaultheaders.DefaultHeadersMiddleware',
 'scrapy.downloadermiddlewares.useragent.UserAgentMiddleware',
 'scrapy.downloadermiddlewares.retry.RetryMiddleware',
 'scrapy.downloadermiddlewares.redirect.MetaRefreshMiddleware',
 'scrapy.downloadermiddlewares.httpcompression.HttpCompressionMiddleware',
 'scrapy.downloadermiddlewares.redirect.RedirectMiddleware',
 'scrapy.downloadermiddlewares.cookies.CookiesMiddleware',
 'scrapy.downloadermiddlewares.httpproxy.HttpProxyMiddleware',
 'scrapy.downloadermiddlewares.stats.DownloaderStats']
2020-02-03 01:16:22 [scrapy.middleware] INFO: Enabled spider middlewares:
['scrapy.spidermiddlewares.httperror.HttpErrorMiddleware',
 'scrapy.spidermiddlewares.offsite.OffsiteMiddleware',
 'scrapy.spidermiddlewares.referer.RefererMiddleware',
 'scrapy.spidermiddlewares.urllength.UrlLengthMiddleware',
 'scrapy.spidermiddlewares.depth.DepthMiddleware']
2020-02-03 01:16:22 [scrapy.middleware] INFO: Enabled item pipelines:
['spiderSettings.pipelines.SpiderPipeline']
2020-02-03 01:16:22 [scrapy.core.engine] INFO: Spider opened
2020-02-03 01:16:22 [scrapy.extensions.logstats] INFO: Crawled 0 pages (at 0 pages/min), scraped 0 items (at 0 items/min)
2020-02-03 01:16:22 [scrapy.extensions.telnet] INFO: Telnet console listening on 127.0.0.1:6023
2020-02-03 01:16:22 [scrapy.core.engine] DEBUG: Crawled (200) <GET https://nba.udn.com/robots.txt> (referer: None)
2020-02-03 01:16:22 [scrapy.core.engine] DEBUG: Crawled (200) <GET https://nba.udn.com/nba/news/> (referer: None)
2020-02-03 01:16:22 [root] WARNING: follow https://nba.udn.com/nba/cate/6754/-1/newest/2
2020-02-03 01:16:22 [scrapy.core.engine] DEBUG: Crawled (200) <GET https://nba.udn.com/nba/cate/6754/-1/newest/2> (referer: https://nba.udn.com/nba/news/)
2020-02-03 01:16:22 [scrapy.core.engine] DEBUG: Crawled (200) <GET https://nba.udn.com/nba/story/6780/4317105> (referer: https://nba.udn.com/nba/news/)
2020-02-03 01:16:22 [scrapy.core.engine] DEBUG: Crawled (200) <GET https://nba.udn.com/nba/story/6780/4316909> (referer: https://nba.udn.com/nba/news/)
2020-02-03 01:16:22 [scrapy.core.engine] DEBUG: Crawled (200) <GET https://nba.udn.com/nba/story/6780/4316978> (referer: https://nba.udn.com/nba/news/)
2020-02-03 01:16:22 [scrapy.core.engine] DEBUG: Crawled (200) <GET https://nba.udn.com/nba/story/6780/4316944> (referer: https://nba.udn.com/nba/news/)
2020-02-03 01:16:22 [scrapy.core.engine] DEBUG: Crawled (200) <GET https://nba.udn.com/nba/story/6780/4316907> (referer: https://nba.udn.com/nba/news/)
2020-02-03 01:16:22 [scrapy.core.engine] DEBUG: Crawled (200) <GET https://nba.udn.com/nba/story/6780/4316813> (referer: https://nba.udn.com/nba/news/)
2020-02-03 01:16:22 [scrapy.core.engine] DEBUG: Crawled (200) <GET https://nba.udn.com/nba/story/6780/4317057> (referer: https://nba.udn.com/nba/news/)
2020-02-03 01:16:22 [scrapy.core.engine] DEBUG: Crawled (200) <GET https://nba.udn.com/nba/story/6779/4317052> (referer: https://nba.udn.com/nba/news/)
2020-02-03 01:16:22 [scrapy.core.engine] DEBUG: Crawled (200) <GET https://nba.udn.com/nba/story/6780/4317252> (referer: https://nba.udn.com/nba/news/)
2020-02-03 01:16:22 [scrapy.core.engine] DEBUG: Crawled (200) <GET https://nba.udn.com/nba/story/6780/4317254> (referer: https://nba.udn.com/nba/news/)
2020-02-03 01:16:22 [root] WARNING: max pages reached
2020-02-03 01:16:22 [scrapy.core.scraper] DEBUG: Scraped from <200 https://nba.udn.com/nba/story/6780/4317105>
{'author': '聯合報 / 記者曾思儒／即時報導',
 'content': ' Getty Imagesfacebooktwitterpinterest昨天沒能拿下傳奇球星布萊恩（Kobe '
            'Bryant）驟逝後的首勝，湖人隊今天在詹姆斯（LeBron '
            'James）「大三元」領軍下以129：113擊敗國王隊，詹姆斯說：「我們都準備好了。」昨天比賽是布萊恩離世後湖人第一度在史戴普中心（Staples '
            'Center）出賽，今天第2戰，仍有許多球迷穿著布萊恩球衣，比賽期間不時高呼布萊恩名字；今天第一節暫停時球場大螢幕播放了布萊恩和一同離世的二女兒吉安娜影片，球場外的其中一個主要通道也有一整面牆，讓球迷可以留言傳達對布萊恩和吉安娜的悼念心情。今天繳出15分、11助攻和11籃板的詹姆斯提到，明白球迷會繼續思念「小飛俠」，「我們也希望每晚都如此，因為這是他留下的遺產，我們會以球隊的身分準備好，以球團的身分也是，出賽是我們的義務，我們要有獲勝的意志，因為這會是他所希望的。」他接續再說：「我們想合力好好完成一場比賽，今晚我們也做到了。」湖人教頭佛蓋爾（Frank '
            'Vogel）也提到，憾事發生後，一切就不會和過去相同，「但我們得到事情發生後的第一勝了，整個過程還會有很多路要走，而這一勝絕對是很重要的起步。」湖人第一節就轟下44分、上半場飆進14記三分球，半場就取得81：64的大幅領先，81分也是紫金軍團本季前兩節新高。佛蓋爾認為球隊今天的表現顯示整體已經漸漸回到正軌，曾任湖人主帥的國王現在總教練華頓（Luke '
            'Walton）也稱讚，湖人面對的狀況十分艱難，但全體仍上緊發條，「給他們肯定，他們火力全開。」',
 'datetime': '2020-02-02 16:22',
 'id': '4317105',
 'title': '布萊恩離世後湖人首勝 詹皇：我們準備好了',
 'url': 'https://nba.udn.com/nba/story/6780/4317105'}
2020-02-03 01:16:22 [scrapy.core.scraper] DEBUG: Scraped from <200 https://nba.udn.com/nba/story/6780/4316909>
{'author': '聯合報 / 記者毛琬婷／即時報導',
 'content': ' Getty Imagesfacebooktwitterpinterest昨天才繳出54分、向布萊恩（Kobe '
            'Bryant）致敬的籃網隊球星厄文（Kyrie '
            'Irving），今天卻在今天比賽第四節還剩5分多鐘時不慎傷退，賽後主帥亞特金森（Kenny '
            'Atkinson）談到厄文的傷情，表示初步判斷為右膝扭傷，後續有任何消息會再對外宣布。厄文今天率隊作客華盛頓，沒想到卻在第四節還剩5分30秒時和比爾（Bradley '
            'Beal）發生碰撞，導致右膝受傷退場，球隊也在少了一名得分大將後，遭到巫師隊逆轉，也讓巫師收下二連勝。「看起來像是扭傷，右膝扭傷，這是我現在唯一知道的訊息。」賽後主帥亞特金森受訪談到厄文的傷勢情況說，「我們陣中有17名球員，其中有很多人受傷倒下，但這就是我們的工作，不得不繼續前進，也是我們必須接受的，但球隊中有足夠天賦的球員，他們必須站出來應付突發狀況。」本季厄文已缺陣28場，寫下生涯新高，其中26場因為肩傷高掛免戰牌，一場是因腿後肌拉傷，最近一場則是因布萊恩過世。而厄文退場後已接受X光檢查，沒有發現骨折情況，詳細傷情還要等到核磁共振檢查後才可確定。',
 'datetime': '2020-02-02 14:19',
 'id': '4316909',
 'title': '厄文提前傷退 籃網主帥：初步判定右膝扭傷',
 'url': 'https://nba.udn.com/nba/story/6780/4316909'}
2020-02-03 01:16:22 [scrapy.core.scraper] DEBUG: Scraped from <200 https://nba.udn.com/nba/story/6780/4316978>
{'author': 'NBA台灣 / udn記者蔡佳霖／綜合外電報導',
 'content': ' Getty Imagesfacebooktwitterpinterest唐西奇（Luka '
            'Doncic）右腳踝扭傷持續缺陣，而波爾辛吉斯（Kristaps '
            'Porzingis）則是背靠背比賽暫時休兵，兩大主力同時缺陣，但獨行俠沒有因此地動山搖。布朗森（Jalen '
            'Brunson）攻下本季新高27分，芬尼史密斯（Dorian Finney-Smith）拿到平生涯最高22分，克萊柏（Maxi '
            'Kleber）和小柯瑞（Seth '
            'Curry）分別補上18分、15分，獨行俠在主場以123比100大勝老鷹，中止近期2連敗。老鷹當家後衛楊恩（Trae '
            'Young）此役也面臨傷勢侵襲，他僅上場26分鐘就提前退場，結果顯示他是右腳踝扭傷。楊恩透露自己原本想要重回球場，但球隊決定讓他休戰。根據報導，楊恩將會在明天接受進一步檢查，以確認傷勢詳細情況。楊恩13投4中，僅得到12分6籃板1助攻；柯林斯（John '
            'Collins）貢獻26分11籃板，赫爾特（Kevin Huerter）20分，古德溫（Brandon Goodwin）11分 '
            '7籃板5助攻，卡特（Vince Carter）10分5籃板。',
 'datetime': '2020-02-02 14:33',
 'id': '4316978',
 'title': '兩主力缺陣獨行俠仍大勝 楊恩右腳踝扭傷',
 'url': 'https://nba.udn.com/nba/story/6780/4316978'}
2020-02-03 01:16:22 [scrapy.core.scraper] DEBUG: Scraped from <200 https://nba.udn.com/nba/story/6780/4316944>
{'author': 'NBA台灣 / udn記者蔡佳霖／綜合外電報導',
 'content': ' Getty Imagesfacebooktwitterpinterest近期狀態已經瘋狂到擋不住的里拉德（Damian '
            'Lillard），昨天以48分轟倒湖人後，今天背靠背作戰依然神勇，全場29投17中，包括三分球15投9中，8罰全中，狂砍51分12助攻，帶領拓荒者以124比107擊退爵士，奪下4連勝。根據統計，這是里拉德生涯第9次突破50分，其中最近6場比賽已經3度破50分；除此之外，里拉德已經連續6場比賽至少轟進6顆三分球，成為聯盟史上第一人。里拉德近6戰平均可以攻下48.8分，每場可以砍進8.2顆三分球，包括多次上演超大號三分球，讓對手防不勝防。上半場比賽，里拉德獨拿23分，幫助球隊取得63比53的領先優勢；第三節爵士緊咬比分，里拉德單節轟進4記三分球，又拿下16分，拓荒者一度領先18分，並帶著兩位數領先進入第四節。里拉德在第四節延續火力，爵士追趕無力，只能繳械投降。懷塞德（Hassan '
            'Whiteside）拿下17分21籃板3阻攻，本季第6次單場籃板破20個；安東尼（Carmelo '
            'Anthony）得到15分5籃板，麥凱倫（CJ McCollum）14分。爵士陣中3人突破20分，米契爾（Donovan '
            'Mitchell）拿到25分4助攻，柯利（Mike Conley）22分4籃板4助攻，波格丹諾維奇（Bojan '
            'Bogdanovic）22分。',
 'datetime': '2020-02-02 14:13',
 'id': '4316944',
 'title': '里拉德狂砍51分 拓荒者退爵士收下4連勝',
 'url': 'https://nba.udn.com/nba/story/6780/4316944'}
2020-02-03 01:16:22 [scrapy.core.scraper] DEBUG: Scraped from <200 https://nba.udn.com/nba/story/6780/4316907>
{'author': 'NBA台灣 / udn記者蔡佳霖／綜合外電報導',
 'content': ' Getty '
            'Imagesfacebooktwitterpinterest2連敗的湖人今天背靠背作客面對戰績後段班的國王，在沒有遭遇太多抵抗下，整場比賽一路領先，最多贏到24分，終場便以129比113輕鬆過關。詹姆斯（LeBron '
            'James）上半場就完成雙十，搭配戴維斯（Anthony Davis）和布萊德利（Avery '
            'Bradley）合拿29分，上半場就已經大幅領先，奠定勝利基礎。詹姆斯此役攻下15分11助攻10籃板，達成本季第11次大三元，同時也是生涯第92次；戴維斯拿下21分6助攻4籃板2抄截，布萊德利19分。湖人替補球員共有4人得分兩位數，凱威爾波普（Kentavious '
            'Caldwell-Pope）拿到15分，朗多（Rajon Rondo）13分8助攻3籃板，卡盧索（Alex '
            'Caruso）和庫茲瑪（Kyle Kuzma）各拿下13分、12分，哈沃德（Dwight '
            "Howard）9籃板2阻攻。湖人團隊命中率達到51.2%，全場轟進19顆三分球，其中第三節就轟進10顆三分球。國王方面，福克斯（De'Aaron "
            'Fox）得到24分6籃板5助攻，但也出現7次失誤；希爾德（Buddy '
            'Hield）飆進6顆三分球，拿下22分4籃板2助攻，吉爾斯（Harry Giles III）16分8籃板。',
 'datetime': '2020-02-02 13:51',
 'id': '4316907',
 'title': '詹姆斯飆大三元 湖人痛宰國王止連敗',
 'url': 'https://nba.udn.com/nba/story/6780/4316907'}
2020-02-03 01:16:22 [scrapy.core.scraper] DEBUG: Scraped from <200 https://nba.udn.com/nba/story/6780/4316813>
{'author': '聯合報 / 記者毛琬婷／即時報導',
 'content': ' Getty Imagesfacebooktwitterpinterest本季來到活塞隊再度綻放的「飆風玫瑰」羅斯（Derrick '
            'Rose），近期陷入交易傳聞中，日前有消息傳出，活塞對於商討交易羅斯抱持開放態度，對此他本人表示，一切都取決於管理階層，不過他曾告訴球團，自己想要留在底特律。羅斯在今年夏天和活塞簽下兩年1500萬美元的合約，而他本季來到底特律，主帥凱西（Dwane '
            'Casey）原本被希望控制他的上場時間，並刻意維持其替補角色定位，不過近期因為傑克森（Reggie '
            'Jackson）受傷的關係，他也頂上先發位置。本季羅斯出賽43場，其中9場比賽是先發，場均上場26.7分鐘，繳出18.9分、2.6籃板、5.9助攻，就合約長度、年薪價碼和綜合表現來評斷，無疑引起多支球隊的的濃厚興趣。近日就有消息傳出，活塞對於交易羅斯保持開放態度，希望能透過他換取一個首輪樂透選秀籤，對此羅斯表示，「這取決於管理層，泰倫（Arn '
            'Tellem，活塞球團副主席）向我保證了，如果發生些什麼的話，他會傳訊息或是打電話給我的。」羅斯繼續說：「但我告訴了他（泰倫），我想要留在這裡，不過這一切並不取決於我，你知道這是怎麼回事的。」',
 'datetime': '2020-02-02 14:40',
 'id': '4316813',
 'title': '深陷交易傳言 羅斯：這並不取決於我',
 'url': 'https://nba.udn.com/nba/story/6780/4316813'}
2020-02-03 01:16:22 [scrapy.core.scraper] DEBUG: Scraped from <200 https://nba.udn.com/nba/story/6780/4317057>
{'author': 'NBA台灣 / udn記者蔡佳霖／綜合外電報導',
 'content': ' Getty '
            'Imagesfacebooktwitterpinterest根據美國媒體《SLAM》的報導，NBA傳奇球星布萊恩（Kobe '
            'Bryant）的遺孀凡妮莎（Vanessa Bryant），近日聯繫了史戴普中心（Staples '
            'Center），希望可以將一些球迷放置在球館外緬懷布萊恩的相關物品留給她們一家。史戴普中心總裁席德曼（Lee '
            'Zeidman）表示：「凡妮莎已經聯繫了我們，希望可以留下一些紀念品。因此，我們將會把那些紀念品進行分類，其中有T恤、信件、籃球、絨毛玩具等。我們會用特製容器打包，然後送到Kobe家人手中。」在布萊恩和13歲女兒吉安娜（Gianna '
            'Bryant）驟逝後，許多球迷湧向史戴普中心，以各種形式和放置紀念物品悼念這位偉大傳奇球星。不過礙於場館規定，這些數量可觀的紀念物品勢必得進行處置，因此史戴普中心將會在NFL超級盃過後開始處理臨時紀念場地，並且將這些物品進行分類。另一方面，布萊恩生前曾成立曼巴體育基金會（Mamba '
            'Sports Foundation）與曼巴體育學院（Mamba Sports '
            'Academy），雖然人已離世，但基金會仍會持續運作。',
 'datetime': '2020-02-02 15:35',
 'id': '4317057',
 'title': '凡妮莎聯繫史戴普中心 盼留存球迷紀念Kobe物品',
 'url': 'https://nba.udn.com/nba/story/6780/4317057'}
2020-02-03 01:16:22 [scrapy.core.scraper] DEBUG: Scraped from <200 https://nba.udn.com/nba/story/6779/4317052>
{'author': '聯合報 / 記者曾思儒／即時報導',
 'content': ' Getty Imagesfacebooktwitterpinterest迎接歐拉迪波（Victor '
            'Oladipo）回歸的第2場比賽，溜馬隊卻再傳傷情，前鋒華倫（T.J. '
            'Warren）今天第三節因頭部受創提前離場，教練麥克米倫（Nate '
            'McMillan），華倫已送到當地醫院做進一步檢查。26歲的華倫過去就曾有頭部傷病史，他2016年在太陽隊時也因頭部受傷缺席一個月；本季才是他為溜馬效力的第一個球季，48場出賽繳出場均18.4分、3.8籃板成績，但今天第三節頭部撞到地板，只留下出賽23分鐘、5分成績單就退場，球隊最終以85：92敗給尼克隊。在華倫退場前，他第三節也曾和隊友沙波尼斯（Domantas '
            'Sabonis）在籃下碰撞後倒地。溜馬今天首節僅拿11分，第三節雖一度追平，但第四節又是只得14分，麥克米倫強調球隊必須早點進入狀況，「今天看起來整場比賽我們都表現平平，第一節只拿11分是無法擊敗其他球隊的。」',
 'datetime': '2020-02-02 15:38',
 'id': '4317052',
 'title': '華倫頭部受創提前離場 傷勢情況仍待確定',
 'url': 'https://nba.udn.com/nba/story/6779/4317052'}
2020-02-03 01:16:22 [scrapy.core.engine] DEBUG: Crawled (200) <GET https://nba.udn.com/nba/story/6780/4316631> (referer: https://nba.udn.com/nba/cate/6754/-1/newest/2)
2020-02-03 01:16:22 [scrapy.core.engine] DEBUG: Crawled (200) <GET https://nba.udn.com/nba/story/6780/4316675> (referer: https://nba.udn.com/nba/cate/6754/-1/newest/2)
2020-02-03 01:16:22 [scrapy.core.engine] DEBUG: Crawled (200) <GET https://nba.udn.com/nba/story/6780/4316737> (referer: https://nba.udn.com/nba/cate/6754/-1/newest/2)
2020-02-03 01:16:22 [scrapy.core.engine] DEBUG: Crawled (200) <GET https://nba.udn.com/nba/story/6780/4316727> (referer: https://nba.udn.com/nba/cate/6754/-1/newest/2)
2020-02-03 01:16:22 [scrapy.core.scraper] DEBUG: Scraped from <200 https://nba.udn.com/nba/story/6780/4317252>
{'author': '聯合報 / 記者林宋以情／即時報導',
 'content': ' Getty '
            'Imagesfacebooktwitterpinterest聯盟爐主金洲勇士隊今天131：112擊敗騎士隊，中止近期五連敗，且第三節還飆進10記三分球寫隊史新猷，格林（Draymond '
            'Green）得知後顯得不可置信，打趣說誰還需要浪花兄弟。勇士今天對騎士第三節轟下44：19攻勢，其中三分球14投10中，寫下隊史新紀錄。此役勇士全場飆進18記三分球，命中率更高達五成一，成為奪勝關鍵。對於沒有浪花兄弟仍寫新猷，格林直呼瘋狂，笑說：「誰還需要浪花兄弟。這感覺就像是打臉他們。有許多數據根本不合理，這就是其中之一，我可要用此好好挖苦他們。」過去造訪克里夫蘭飽受噓聲伺候，今天也不例外，格林見怪不怪，「回到這裡他們照噓不誤，但我喜歡這樣。這感覺就像讓你回到關鍵大賽，讓你覺得那些噓聲都值得，很令人興奮。」格林以平生涯最佳的16次助攻還以顏色，教頭柯爾（Steve '
            'Kerr）像是早料到有這種結果，「他們賽前噓他，我就看到格林微笑以對。他樂於當個反派，很多時候這反而是他的動力。」相較於格林的表現，柯爾倒是對賽後仍有為數不少的記者聚集在媒體室前感到驚訝，笑說：「還在這？詹姆斯、杜蘭特都不會經過這裡，怎麼大家都還在這？」展現他的幽默一面。',
 'datetime': '2020-02-02 17:53',
 'id': '4317252',
 'title': '單節10記三分寫隊史新猷 格林笑稱：誰需要浪花兄弟',
 'url': 'https://nba.udn.com/nba/story/6780/4317252'}
2020-02-03 01:16:22 [scrapy.core.scraper] DEBUG: Scraped from <200 https://nba.udn.com/nba/story/6780/4317254>
{'author': 'NBA台灣 / udn記者蔡佳霖／綜合外電報導',
 'content': ' Getty Imagesfacebooktwitterpinterest雷納德（Kawhi '
            'Leonard）僅上場24分鐘，不到三節就攻下31分6籃板4助攻，帶領快艇拿下勝利。根據統計，雷納德已經連續9場比賽至少拿下30分，寫下生涯最佳紀錄；同時，雷納德也超越了麥卡杜（Bob '
            'McAdoo）連8場破30分的表現，在快艇隊史上排名第2，僅次於弗里（World B. '
            'Free）的連11場。雷納德本季已經有17場比賽至少拿到30分，他生涯單季最多30分場次是26次，出現在2016-17年賽季；而在2018-19年賽季，雷納德也有22場比賽得分超過30分。主帥瑞佛斯（Doc '
            'Rivers）賽後也對雷納德的表現讚譽有加，「他如今的表現已經可以和聯盟任何一位球員相媲美。」',
 'datetime': '2020-02-02 17:45',
 'id': '4317254',
 'title': '雷納德連9場破30分 創生涯最佳紀錄',
 'url': 'https://nba.udn.com/nba/story/6780/4317254'}
2020-02-03 01:16:22 [scrapy.core.engine] DEBUG: Crawled (200) <GET https://nba.udn.com/nba/story/6779/4316620> (referer: https://nba.udn.com/nba/cate/6754/-1/newest/2)
2020-02-03 01:16:22 [scrapy.core.engine] DEBUG: Crawled (200) <GET https://nba.udn.com/nba/story/6780/4316798> (referer: https://nba.udn.com/nba/cate/6754/-1/newest/2)
2020-02-03 01:16:22 [scrapy.core.engine] DEBUG: Crawled (200) <GET https://nba.udn.com/nba/story/6780/4316854> (referer: https://nba.udn.com/nba/cate/6754/-1/newest/2)
2020-02-03 01:16:22 [scrapy.core.engine] DEBUG: Crawled (200) <GET https://nba.udn.com/nba/story/6780/4316892> (referer: https://nba.udn.com/nba/cate/6754/-1/newest/2)
2020-02-03 01:16:22 [scrapy.core.scraper] DEBUG: Scraped from <200 https://nba.udn.com/nba/story/6780/4316631>
{'author': 'NBA台灣 / udn記者蔡佳霖／綜合外電報導',
 'content': ' Getty '
            'Imagesfacebooktwitterpinterest根據美國媒體的報導，有消息人士透露，聯盟已經通知各隊，2020-21年賽季的預估薪資上限低於預期，預計會從1.16億美元向下調整至1.13億美元，而豪華稅門檻則可能調整至1.38億美元。2019-20年賽季聯盟的薪資上限為1.09億美元，去年9月曾評估下一季的薪資上限額度將會增加6.3%，不過受到火箭總管「莫雷（Daryl '
            'Morey）事件」的影響，增加幅度可能會下修至3.5%。消息人士指出，「莫雷事件」預估會讓聯盟減少1.5億到2億美元的收入另一方面，倘若薪資上限和豪華稅門檻下修，勢必會影響一些團隊薪資高的球隊的負擔，一如勇士、火箭，76人等隊；而像湖人、熱火、爵士等球隊也會受制薪資上限縮小，影響到空間運用的靈活度。一些提前續約的新秀球員像是西蒙斯（Ben '
            'Simmons）、席亞康（Pascal Siakam）、穆雷（Jamal '
            'Murray）等，由於他們是使用指定新秀條款完成續約，薪資上限的下修將會影響到他們的起薪額度。根據消息，聯盟近期將會公佈下賽季確切的薪資上限和豪華稅門檻數字，以便讓各隊能在台灣時間2月7日季中交易截止日前進行規劃和操作。',
 'datetime': '2020-02-02 10:28',
 'id': '4316631',
 'title': '下季薪資上限、豪華稅門檻 恐低於預期',
 'url': 'https://nba.udn.com/nba/story/6780/4316631'}
2020-02-03 01:16:22 [scrapy.core.engine] DEBUG: Crawled (200) <GET https://nba.udn.com/nba/story/6780/4316719> (referer: https://nba.udn.com/nba/cate/6754/-1/newest/2)
2020-02-03 01:16:22 [scrapy.core.scraper] DEBUG: Scraped from <200 https://nba.udn.com/nba/story/6780/4316675>
{'author': 'NBA台灣 / udn記者蔡佳霖／綜合外電報導',
 'content': ' Getty '
            'Imagesfacebooktwitterpinterest溜馬主場迎戰聯盟戰績後段班的尼克，沒想到卻是踢到大鐵板！溜馬上半場僅得到39分，最多輸到17分，而第四節單節更只得到14分，無力扭轉戰局，最終以85比92落敗，近3戰吞下2敗，尼克則是中止2連敗。先前因衝突事件遭罰款3萬5000美元的莫里斯（Marcus '
            'Morris），這場比賽拿下全場最高28分，藍道（Julius Randle）補上16分18籃板3助攻2抄截，吉布森（Taj '
            'Gibson）10分7籃板。溜馬整場比賽幾乎都處於落後局面，一路苦追，但礙於進攻狀態低迷，縱使第四節一度超前2分，無奈最後6分鐘時間只得到5分，只能將勝利拱手讓出。溜馬全隊僅2人得分達到兩位數，沙波尼斯（Domantas '
            'Sabonis）15投10中得到25分8籃板，透納（Myles Turner）12分6籃板，波格登（Malcolm '
            'Brogdon）13投僅4中，拿到8分12助攻7籃板。',
 'datetime': '2020-02-02 10:50',
 'id': '4316675',
 'title': '溜馬團隊進攻大當機 主場不敵尼克',
 'url': 'https://nba.udn.com/nba/story/6780/4316675'}
2020-02-03 01:16:22 [scrapy.core.scraper] DEBUG: Scraped from <200 https://nba.udn.com/nba/story/6780/4316737>
{'author': 'NBA台灣 / udn記者蔡佳霖／綜合外電報導',
 'content': ' Getty Imagesfacebooktwitterpinterest根據《The Athletic》記者查拉尼亞（Shams '
            'Charania）的報導，底特律活塞仍在積極兜售羅斯（Derrick '
            'Rose），期盼可以拿回一個樂透選秀權。不過羅斯日前接受採訪時曾透露，自己仍想留在底特律打球，但仍取決於球團而非自己。羅斯是在2019年夏天和活塞簽下兩年1500萬美元的合約，本季他表現出色，目前已經連續14場比賽至少拿到20分，寫下個人生涯最佳表現。由於活塞戰積欠佳，陣中許多球員都成了交易目標，其中羅斯顯然是最受矚目的一位。「這取決於管理層，」羅斯說，「他們向我承諾過，如果有什麼事情要發生，會給我發訊息或是打電話。我告訴他們我想留在這裡，但這件事情並不是我能決定，你知道的。」現階段包括湖人、快艇、76人等隊都曾傳出有意延攬羅斯，不過活塞若希望拿到樂透簽，恐怕也會影響交易的可能性。',
 'datetime': '2020-02-02 11:41',
 'id': '4316737',
 'title': '連14場破20分創紀錄 羅斯坦然面對交易傳言',
 'url': 'https://nba.udn.com/nba/story/6780/4316737'}
2020-02-03 01:16:22 [scrapy.core.scraper] DEBUG: Scraped from <200 https://nba.udn.com/nba/story/6780/4316727>
{'author': '聯合報 / 記者毛琬婷／即時報導',
 'content': ' Getty Imagesfacebooktwitterpinterest邁阿密熱火隊今天作客奧蘭多，靠著巴特勒（Jimmy '
            'Butler）24分，搭配赫洛（Tyler '
            'Herro）替補貢獻23分，相隔4日再以102：89輕取魔術隊，也讓魔術吞下5連敗。熱火上月28日才在主場擊敗魔術，今天作客奧蘭多同樣火力全開，開賽就打出7：2的攻勢，且在團隊多點開花的情況下，整場比賽幾乎都維持著領先優勢，最終以雙位數分差勝出。熱火此役以巴特勒24分最佳，替補上陣的射手赫洛手感更是發燙，全場12投7中、命中6顆三分球，雷納德（Meyers '
            'Leonard）也有18分、14籃板的「雙十」演出。賽後雷納德談到客場取勝說道：「教練史波史特拉（Erik '
            'Spoelstra）強調要打好客場比賽，今天球隊也辦到了。」同時他也向同屬佛羅里達州的魔術「嗆聲」，「兄弟，佛羅里達屬於我們，這是我們的地盤，在過去兩場比賽中都表現出這一點。」而近況不佳的魔術則以葛登（Aaron '
            'Gordon）24分最佳，佛西維奇（Nikola Vucevic）21分、9籃板次之。',
 'datetime': '2020-02-02 11:48',
 'id': '4316727',
 'title': '巴特勒24分領軍 魔術苦吞5連敗',
 'url': 'https://nba.udn.com/nba/story/6780/4316727'}
2020-02-03 01:16:22 [scrapy.core.scraper] DEBUG: Scraped from <200 https://nba.udn.com/nba/story/6779/4316620>
{'author': '聯合報 / 記者毛琬婷／即時報導',
 'content': ' Getty Imagesfacebooktwitterpinterest本季打出亮眼表現的暴龍隊得分後衛鮑威爾（Norman '
            'Powell）又傳出傷情，他在昨天與活塞隊的比賽中不慎弄傷左手掌，造成左手第四掌骨骨折，將無限期休戰。鮑威爾本季才因肩傷缺席了11場比賽，他從去年12月19日後就未再上場，直到1月13日對戰馬刺隊的比賽才順利歸隊，而他本季也一掃前4季場均只有個位數的低迷表現，本季出賽38場繳出場均15.3分、3.9籃板、1.7助攻的成績，成為暴龍重要得分來源之一。不過今天傳出鮑威爾左手掌骨折的消息，球隊也將他放進傷兵名單，且歸期未定，而他不是本季暴龍遭遇傷病的其中一員，羅瑞（Kyle '
            'Lowry）、席亞康（Pascal Siakam）、小加索（Marc Gasol）、伊巴卡（Serge '
            'Ibaka）、范弗利特（Fred '
            'VanVleet）等人也都曾因傷缺陣達雙位數。在傷兵頻頻的情況下，暴龍仍展現團隊陣容深度，目前以35勝14負的戰績暫居東區第2，近期更打出一股10連勝氣勢，距離追平隊史最長11連勝只差一步。',
 'datetime': '2020-02-02 10:34',
 'id': '4316620',
 'title': '鮑威爾左手掌骨折 將無限期休兵',
 'url': 'https://nba.udn.com/nba/story/6779/4316620'}
2020-02-03 01:16:22 [scrapy.core.scraper] DEBUG: Scraped from <200 https://nba.udn.com/nba/story/6780/4316798>
{'author': 'NBA台灣 / udn記者蔡佳霖／綜合外電報導',
 'content': ' Getty Imagesfacebooktwitterpinterest昨天狂砍54分的厄文（Kyrie '
            'Irving），今天率隊作客華盛頓，沒想到卻在第四節還剩5分30秒時和比爾（Bradley '
            'Beal）發生碰撞，導致右膝受傷退場。失去得分大將，也讓原本領先的籃網節節敗退，最終以107比113遭到逆轉，巫師取得2連勝。比爾攻下34分6籃板2助攻3抄截3阻攻，其中在厄文退場後，比爾獨拿13分，帶動巫師扭轉落後劣勢。比爾已經連續6場比賽至少拿到30分，追平隊史第3長紀錄。巫師板凳群聯手拿下47分，布萊恩（Thomas '
            'Bryant）得到17分10籃板，伯坦斯（Davis Bertans）11分7籃板3助攻，史密斯（Ish '
            'Smith）11分5籃板4助攻，湯瑪斯（Isaiah Thomas）12分。籃網陣中以丁威迪（Spencer '
            'Dinwiddie）的26分6助攻4籃板表現最佳，哈里斯（Joe Harris）得到22分3籃板3助攻，坦普（Garrett '
            'Temple）17分，艾倫（Jarrett '
            'Allen）13分15籃板5助攻2阻攻。厄文上場29分鐘，12投5中，得到11分4籃板4助攻，出現6次失誤。',
 'datetime': '2020-02-02 12:17',
 'id': '4316798',
 'title': '厄文第四節傷退 比爾拉尾盤逆轉勝籃網',
 'url': 'https://nba.udn.com/nba/story/6780/4316798'}
2020-02-03 01:16:22 [scrapy.core.scraper] DEBUG: Scraped from <200 https://nba.udn.com/nba/story/6780/4316854>
{'author': 'NBA台灣 / udn記者蔡佳霖／綜合外電報導',
 'content': ' Getty '
            'Imagesfacebooktwitterpinterest「主場一條龍，客場一條蟲。」客場戰績慘不忍睹的費城76人，今天作客波士頓再度驗證了這句話！儘管華克（Kemba '
            'Walker）因左膝痠痛至少缺席2場比賽，但布朗（Jaylen Brown）攻下32分9籃板2抄截，泰托姆（Jayson '
            'Tatum）得到25分4助攻3籃板，塞爾蒂克第三節逐步拉開比分，將差距拉開到20分以上，也讓比賽早早分出勝負，以116比95大勝76人。76人本季客場戰績來到9勝17敗，是所有勝率超過5成的球隊中，客場表現最差的一隊。近期，76人排名也跌到東區第6。史馬特（Marcus '
            'Smart）先發上陣得到16分4籃板4助攻，沃納梅克（Brad Wanamaker）拿下15分，奧傑萊（Semi '
            'Ojeleye）11分5籃板。不只是華克，康特（Enes Kanter）也因傷持續缺席。76人方面，西蒙斯（Ben '
            'Simmons）14投9中拿到23分9籃板5助攻，柯爾克瑪茲（Furkan Korkmaz）14分，哈里斯（Tobias '
            'Harris）10分6籃板，米爾頓（Shake Milton）11分4籃板3抄截。安比德（Joel '
            'Embiid）上場23分鐘，11投僅1中，得到11分5籃板。塞爾蒂克近7戰奪下6勝，戰績和熱火相同，並列東區第3。',
 'datetime': '2020-02-02 12:52',
 'id': '4316854',
 'title': '76人客場持續低迷 塞爾蒂克近7戰奪6勝',
 'url': 'https://nba.udn.com/nba/story/6780/4316854'}
2020-02-03 01:16:22 [scrapy.core.scraper] DEBUG: Scraped from <200 https://nba.udn.com/nba/story/6780/4316892>
{'author': 'NBA台灣 / udn記者蔡佳霖／綜合外電報導',
 'content': ' Getty '
            'Imagesfacebooktwitterpinterest馬刺在今天比賽中經歷了宛如雲霄飛車般的劇烈起伏！在最多落後19分的情況下展開大反擊，靠著第三節轟出28比4的猛烈攻勢，一口氣逆轉擊潰黃蜂，以114比90拿下2連勝。這場比賽的上下半場呈現兩極化。黃蜂上半場團隊命中率高達56.8%，取得63比50的領先優勢；然而進入下半場，黃蜂進攻卻是全面崩盤，兩節一共只得到27分，命中率大幅跌落至25.6%，特別是第三節長達9分鐘時間只得到4分，導致雙方比分逆轉。德羅展（DeMar '
            'DeRozan）15投10中，攻下24分6助攻2抄截，伯爾特（Jakob Poeltl）17分7籃板，懷特（Derrick '
            'White）12分，萊爾斯（Trey Lyles）和米爾斯（Patty Mills）各拿下11分，墨瑞（Dejounte '
            'Murray）9分10籃板4抄截2助攻。艾德里奇（LaMarcus '
            'Aldridge）僅得8分7籃板。黃蜂最近11戰吞下10敗。陣中以布里吉斯（Miles '
            'Bridges）的25分為最高，賽勒（Cody Zeller）14分12籃板8助攻，洛齊爾（Terry '
            "Rozier）10分5籃板3助攻，葛拉罕（Devonte' "
            'Graham）8分9助攻。馬刺接下來將展開一年一度的客場8連戰，這對排名西區第9的馬刺來說，將是尋求連續23年闖進季後賽的關鍵試煉。',
 'datetime': '2020-02-02 13:16',
 'id': '4316892',
 'title': '第三節上演大逆轉 馬刺主場擊潰黃蜂',
 'url': 'https://nba.udn.com/nba/story/6780/4316892'}
2020-02-03 01:16:22 [scrapy.core.scraper] DEBUG: Scraped from <200 https://nba.udn.com/nba/story/6780/4316719>
{'author': 'NBA台灣 / udn記者蔡佳霖／綜合外電報導',
 'content': ' Getty Imagesfacebooktwitterpinterest根據報導，上季率領暴龍勇奪隊史首冠的諾斯（Nick '
            'Nurse）將會成為明星賽「安戴托昆波（Giannis '
            'Antetokounmpo）隊」的教練，這也是他生涯首度執教明星賽。諾斯過去曾以助理教練的身份踏上明星賽舞台。按照慣例，東西區戰績最好球隊的總教練將分別執教明星賽，諾斯所帶領的暴龍戰績僅次於布丹霍澤（Mike '
            'Budenholzer）執掌的公鹿，但由於布丹霍澤上季已經帶過明星隊，因此將會由諾斯出任。暴龍今年在少了雷納德（Kawhi '
            'Leonard）、格林（Danny '
            'Green）等奪冠功臣後，儘管球隊傷兵頻仍，仍舊充分展現陣容深度，從開季之後就在東區名列前茅。對於要執教明星賽，諾斯表示他感到非常訝異，但也認為這對他是一項肯定「我不想讓自己看起來像個小朋友，但這確實是我第一次和如此多的超級巨星在一起。」諾斯說：「我在聯盟中的時間並不長。我是說我曾經是發展聯盟的教練，能見到NBA的球星對我來說感覺都很酷。而現在，天啊！那是詹姆斯（LeBron '
            'James），我得想辦法制定計劃去擊敗那些傢伙。」暴龍今年共有2位球員入選明星賽，席亞康（Pascal '
            'Siakam）是以先發之姿入選，而羅瑞（Kyle '
            'Lowry）則是在替補陣容中。兩人也表示，能看到自家總教練執教明星賽，感覺讓人興奮，而且也非常有趣。',
 'datetime': '2020-02-02 11:22',
 'id': '4316719',
 'title': '暴龍戰績出色 諾斯生涯首度執教明星賽',
 'url': 'https://nba.udn.com/nba/story/6780/4316719'}
2020-02-03 01:16:23 [scrapy.core.engine] DEBUG: Crawled (200) <GET https://nba.udn.com/nba/story/6780/4316603> (referer: https://nba.udn.com/nba/cate/6754/-1/newest/2)
2020-02-03 01:16:23 [scrapy.core.scraper] DEBUG: Scraped from <200 https://nba.udn.com/nba/story/6780/4316603>
{'author': '聯合報 / 記者毛琬婷／即時報導',
 'content': ' Getty '
            'Imagesfacebooktwitterpinterest洛杉磯快艇隊今天迎回日前因下背部緊繃缺陣的「一哥」雷納德（Kawhi '
            'Leonard），而他歸隊立刻就有亮眼表現，只打三節就猛攻31分、提早「打卡下班」，球隊最終以118：106擊敗灰狼隊，以34勝15負的戰績追上西區第二的金塊隊，也賞給灰狼本季第二度11連敗。雷納德日前因下背部緊繃缺席與國王隊的比賽，今天他順利歸隊，一下場就展現絕佳手感，快艇也在他單節獨拿14分帶領下，很快克服開局落後局面，之後就一路壓著對手打，三節打完取得12分領先，最終順利收下勝利。此役雷納德僅上場24分鐘，只打三節就高效率拿下全隊最高的31分、6籃板、4助攻，成為聯盟第一人，主帥瑞佛斯（Doc '
            'Rivers）賽後也對雷納德的表現讚譽有加，「他如今的表現已經可以和聯盟任何一位球員相媲美。」快艇在雷納德歸隊帶領下，團隊共有6人得分達雙位數，喬治（Paul '
            'George）21分，外帶7籃板、2助攻、2抄截、1阻攻的全能演出，威廉斯（Lou '
            'Williams）17分、4籃板、6助攻，哈瑞爾（Montrezl Harrell）16分、6籃板，貝佛利（Patrick '
            'Beverley）12分、沙米特（Landry '
            'Shamet）10分。苦吞本季第二度11連敗的灰狼在西區戰績僅優於受到傷兵困擾的勇士隊，儘管唐斯（Karl-Anthony '
            'Towns）繳出全場最高的32分、12籃板仍挽救不了球隊低迷的近況，維金斯（Andrew Wiggins）及奧柯吉（Josh '
            'Okogie）13分已是團隊次佳成績。',
 'datetime': '2020-02-02 09:57',
 'id': '4316603',
 'title': '雷納德三節猛攻31分 快艇賞灰狼11連敗',
 'url': 'https://nba.udn.com/nba/story/6780/4316603'}
2020-02-03 01:16:23 [scrapy.core.engine] INFO: Closing spider (finished)
2020-02-03 01:16:23 [scrapy.extensions.feedexport] INFO: Stored jsonlines feed (20 items) in: file:/a.json
2020-02-03 01:16:23 [scrapy.statscollectors] INFO: Dumping Scrapy stats:
{'downloader/request_bytes': 6314,
 'downloader/request_count': 23,
 'downloader/request_method_count/GET': 23,
 'downloader/response_bytes': 507885,
 'downloader/response_count': 23,
 'downloader/response_status_count/200': 23,
 'finish_reason': 'finished',
 'finish_time': datetime.datetime(2020, 2, 2, 17, 16, 23, 472639),
 'item_scraped_count': 20,
 'log_count/DEBUG': 43,
 'log_count/INFO': 10,
 'log_count/WARNING': 2,
 'request_depth_max': 2,
 'response_received_count': 23,
 'robotstxt/request_count': 1,
 'robotstxt/response_count': 1,
 'robotstxt/response_status_count/200': 1,
 'scheduler/dequeued': 22,
 'scheduler/dequeued/memory': 22,
 'scheduler/enqueued': 22,
 'scheduler/enqueued/memory': 22,
 'start_time': datetime.datetime(2020, 2, 2, 17, 16, 22, 179655)}
2020-02-03 01:16:23 [scrapy.core.engine] INFO: Spider closed (finished)
